# JRE version: Java(TM) SE Runtime Environment (8.0_101-b13) (build 1.8.0_101-b13)
# Java VM: Java HotSpot(TM) 64-Bit Server VM (25.101-b13 mixed mode windows-amd64 compressed oops)
Heap:
 PSYoungGen      total 433664K, used 296771K [0x00000000d5b80000, 0x00000000fc100000, 0x0000000100000000)
  eden space 409600K, 68% used [0x00000000d5b80000,0x00000000e6ba3bd8,0x00000000eeb80000)
  from space 24064K, 75% used [0x00000000eeb80000,0x00000000efd2d3b8,0x00000000f0300000)
  to   space 25088K, 0% used [0x00000000fa880000,0x00000000fa880000,0x00000000fc100000)
 ParOldGen       total 80384K, used 26259K [0x0000000081200000, 0x0000000086080000, 0x00000000d5b80000)
  object space 80384K, 32% used [0x0000000081200000,0x0000000082ba4e58,0x0000000086080000)
 Metaspace       used 56218K, capacity 58568K, committed 58920K, reserved 1101824K
  class space    used 6391K, capacity 6620K, committed 6696K, reserved 1048576K
GC Heap History (10 events):
Event: 3.427 GC heap before
{Heap before GC invocations=7 (full 1):
 PSYoungGen      total 136704K, used 136672K [0x00000000d5b80000, 0x00000000e5a00000, 0x0000000100000000)
  eden space 131584K, 100% used [0x00000000d5b80000,0x00000000ddc00000,0x00000000ddc00000)
  from space 5120K, 99% used [0x00000000ddc00000,0x00000000de0f8030,0x00000000de100000)
  to   space 18944K, 0% used [0x00000000e4780000,0x00000000e4780000,0x00000000e5a00000)
 ParOldGen       total 57344K, used 23512K [0x0000000081200000, 0x0000000084a00000, 0x00000000d5b80000)
  object space 57344K, 41% used [0x0000000081200000,0x00000000828f60f8,0x0000000084a00000)
 Metaspace       used 34644K, capacity 35208K, committed 35496K, reserved 1081344K
  class space    used 4318K, capacity 4487K, committed 4520K, reserved 1048576K
Event: 3.445 GC heap after
Heap after GC invocations=7 (full 1):
 PSYoungGen      total 241152K, used 13375K [0x00000000d5b80000, 0x00000000e6680000, 0x0000000100000000)
  eden space 222208K, 0% used [0x00000000d5b80000,0x00000000d5b80000,0x00000000e3480000)
  from space 18944K, 70% used [0x00000000e4780000,0x00000000e548fc40,0x00000000e5a00000)
  to   space 19456K, 0% used [0x00000000e3480000,0x00000000e3480000,0x00000000e4780000)
 ParOldGen       total 57344K, used 23520K [0x0000000081200000, 0x0000000084a00000, 0x00000000d5b80000)
  object space 57344K, 41% used [0x0000000081200000,0x00000000828f80f8,0x0000000084a00000)
 Metaspace       used 34644K, capacity 35208K, committed 35496K, reserved 1081344K
  class space    used 4318K, capacity 4487K, committed 4520K, reserved 1048576K
}
Event: 3.470 GC heap before
{Heap before GC invocations=8 (full 1):
 PSYoungGen      total 241152K, used 20053K [0x00000000d5b80000, 0x00000000e6680000, 0x0000000100000000)
  eden space 222208K, 3% used [0x00000000d5b80000,0x00000000d6205988,0x00000000e3480000)
  from space 18944K, 70% used [0x00000000e4780000,0x00000000e548fc40,0x00000000e5a00000)
  to   space 19456K, 0% used [0x00000000e3480000,0x00000000e3480000,0x00000000e4780000)
 ParOldGen       total 57344K, used 23520K [0x0000000081200000, 0x0000000084a00000, 0x00000000d5b80000)
  object space 57344K, 41% used [0x0000000081200000,0x00000000828f80f8,0x0000000084a00000)
 Metaspace       used 34766K, capacity 35336K, committed 35496K, reserved 1081344K
  class space    used 4335K, capacity 4487K, committed 4520K, reserved 1048576K
Event: 3.481 GC heap after
Heap after GC invocations=8 (full 1):
 PSYoungGen      total 241664K, used 12814K [0x00000000d5b80000, 0x00000000f1a80000, 0x0000000100000000)
  eden space 222208K, 0% used [0x00000000d5b80000,0x00000000d5b80000,0x00000000e3480000)
  from space 19456K, 65% used [0x00000000e3480000,0x00000000e4103918,0x00000000e4780000)
  to   space 19968K, 0% used [0x00000000f0700000,0x00000000f0700000,0x00000000f1a80000)
 ParOldGen       total 57344K, used 23528K [0x0000000081200000, 0x0000000084a00000, 0x00000000d5b80000)
  object space 57344K, 41% used [0x0000000081200000,0x00000000828fa0f8,0x0000000084a00000)
 Metaspace       used 34766K, capacity 35336K, committed 35496K, reserved 1081344K
  class space    used 4335K, capacity 4487K, committed 4520K, reserved 1048576K
}
Event: 3.481 GC heap before
{Heap before GC invocations=9 (full 2):
 PSYoungGen      total 241664K, used 12814K [0x00000000d5b80000, 0x00000000f1a80000, 0x0000000100000000)
  eden space 222208K, 0% used [0x00000000d5b80000,0x00000000d5b80000,0x00000000e3480000)
  from space 19456K, 65% used [0x00000000e3480000,0x00000000e4103918,0x00000000e4780000)
  to   space 19968K, 0% used [0x00000000f0700000,0x00000000f0700000,0x00000000f1a80000)
 ParOldGen       total 57344K, used 23528K [0x0000000081200000, 0x0000000084a00000, 0x00000000d5b80000)
  object space 57344K, 41% used [0x0000000081200000,0x00000000828fa0f8,0x0000000084a00000)
 Metaspace       used 34766K, capacity 35336K, committed 35496K, reserved 1081344K
  class space    used 4335K, capacity 4487K, committed 4520K, reserved 1048576K
Event: 3.547 GC heap after
Heap after GC invocations=9 (full 2):
 PSYoungGen      total 241664K, used 0K [0x00000000d5b80000, 0x00000000f1a80000, 0x0000000100000000)
  eden space 222208K, 0% used [0x00000000d5b80000,0x00000000d5b80000,0x00000000e3480000)
  from space 19456K, 0% used [0x00000000e3480000,0x00000000e3480000,0x00000000e4780000)
  to   space 19968K, 0% used [0x00000000f0700000,0x00000000f0700000,0x00000000f1a80000)
 ParOldGen       total 80384K, used 24248K [0x0000000081200000, 0x0000000086080000, 0x00000000d5b80000)
  object space 80384K, 30% used [0x0000000081200000,0x00000000829ae330,0x0000000086080000)
 Metaspace       used 34766K, capacity 35336K, committed 35496K, reserved 1081344K
  class space    used 4335K, capacity 4487K, committed 4520K, reserved 1048576K
}
Event: 51.178 GC heap before
{Heap before GC invocations=10 (full 2):
 PSYoungGen      total 241664K, used 222208K [0x00000000d5b80000, 0x00000000f1a80000, 0x0000000100000000)
  eden space 222208K, 100% used [0x00000000d5b80000,0x00000000e3480000,0x00000000e3480000)
  from space 19456K, 0% used [0x00000000e3480000,0x00000000e3480000,0x00000000e4780000)
  to   space 19968K, 0% used [0x00000000f0700000,0x00000000f0700000,0x00000000f1a80000)
 ParOldGen       total 80384K, used 24248K [0x0000000081200000, 0x0000000086080000, 0x00000000d5b80000)
  object space 80384K, 30% used [0x0000000081200000,0x00000000829ae330,0x0000000086080000)
 Metaspace       used 52898K, capacity 53700K, committed 54184K, reserved 1097728K
  class space    used 6344K, capacity 6535K, committed 6568K, reserved 1048576K
Event: 51.217 GC heap after
Heap after GC invocations=10 (full 2):
 PSYoungGen      total 419328K, used 19963K [0x00000000d5b80000, 0x00000000f1a80000, 0x0000000100000000)
  eden space 399360K, 0% used [0x00000000d5b80000,0x00000000d5b80000,0x00000000ee180000)
  from space 19968K, 99% used [0x00000000f0700000,0x00000000f1a7eff0,0x00000000f1a80000)
  to   space 24064K, 0% used [0x00000000eeb80000,0x00000000eeb80000,0x00000000f0300000)
 ParOldGen       total 80384K, used 26251K [0x0000000081200000, 0x0000000086080000, 0x00000000d5b80000)
  object space 80384K, 32% used [0x0000000081200000,0x0000000082ba2e58,0x0000000086080000)
 Metaspace       used 52898K, capacity 53700K, committed 54184K, reserved 1097728K
  class space    used 6344K, capacity 6535K, committed 6568K, reserved 1048576K
}
Event: 553.232 GC heap before
{Heap before GC invocations=11 (full 2):
 PSYoungGen      total 419328K, used 419323K [0x00000000d5b80000, 0x00000000f1a80000, 0x0000000100000000)
  eden space 399360K, 100% used [0x00000000d5b80000,0x00000000ee180000,0x00000000ee180000)
  from space 19968K, 99% used [0x00000000f0700000,0x00000000f1a7eff0,0x00000000f1a80000)
  to   space 24064K, 0% used [0x00000000eeb80000,0x00000000eeb80000,0x00000000f0300000)
 ParOldGen       total 80384K, used 26251K [0x0000000081200000, 0x0000000086080000, 0x00000000d5b80000)
  object space 80384K, 32% used [0x0000000081200000,0x0000000082ba2e58,0x0000000086080000)
 Metaspace       used 55529K, capacity 57484K, committed 57896K, reserved 1099776K
  class space    used 6379K, capacity 6601K, committed 6696K, reserved 1048576K
Event: 553.247 GC heap after
Heap after GC invocations=11 (full 2):
 PSYoungGen      total 433664K, used 18100K [0x00000000d5b80000, 0x00000000fc100000, 0x0000000100000000)
  eden space 409600K, 0% used [0x00000000d5b80000,0x00000000d5b80000,0x00000000eeb80000)
  from space 24064K, 75% used [0x00000000eeb80000,0x00000000efd2d3b8,0x00000000f0300000)
  to   space 25088K, 0% used [0x00000000fa880000,0x00000000fa880000,0x00000000fc100000)
 ParOldGen       total 80384K, used 26259K [0x0000000081200000, 0x0000000086080000, 0x00000000d5b80000)
  object space 80384K, 32% used [0x0000000081200000,0x0000000082ba4e58,0x0000000086080000)
 Metaspace       used 55529K, capacity 57484K, committed 57896K, reserved 1099776K
  class space    used 6379K, capacity 6601K, committed 6696K, reserved 1048576K
}

